
/Users/vedaterenoglu/Documents/portfolio/real-world-projects/atp-store-nextjs/src/lib/graphql/schemas/categories.ts
   8:24  error  Delete `;`                                                                                               prettier/prettier
   8:24  error  Extra semicolon                                                                                          semi
  14:3   error  Delete `;`                                                                                               prettier/prettier
  14:3   error  Extra semicolon                                                                                          semi
  19:3   error  Delete `;`                                                                                               prettier/prettier
  19:3   error  Extra semicolon                                                                                          semi
  22:58  error  Delete `;`                                                                                               prettier/prettier
  23:50  error  Replace `typeof·GetCategoriesQueryResponseSchema>;` with `⏎··typeof·GetCategoriesQueryResponseSchema⏎>`  prettier/prettier
  28:12  error  Replace `.array(` with `⏎····.array(⏎······`                                                             prettier/prettier
  29:1   error  Insert `····`                                                                                            prettier/prettier
  30:5   error  Insert `····`                                                                                            prettier/prettier
  31:3   error  Replace `}))` with `····})⏎····)⏎····`                                                                   prettier/prettier
  32:3   error  Delete `;`                                                                                               prettier/prettier
  32:3   error  Extra semicolon                                                                                          semi
  34:49  error  Replace `typeof·GraphQLCategoriesResponseSchema>;` with `⏎··typeof·GraphQLCategoriesResponseSchema⏎>⏎`   prettier/prettier

/Users/vedaterenoglu/Documents/portfolio/real-world-projects/atp-store-nextjs/src/services/categories.service.ts
    8:63  error    Delete `;`                                                                                                                       prettier/prettier
    8:63  error    Extra semicolon                                                                                                                  semi
    9:9   error    Delete `·`                                                                                                                       prettier/prettier
   10:3   warning  'GraphQLCategoriesResponseSchema' is defined but never used                                                                      @typescript-eslint/no-unused-vars
   10:35  error    Delete `·`                                                                                                                       prettier/prettier
   12:18  error    Replace `·` with `,`                                                                                                             prettier/prettier
   13:42  error    Delete `;`                                                                                                                       prettier/prettier
   13:42  error    Extra semicolon                                                                                                                  semi
   14:89  error    Delete `;`                                                                                                                       prettier/prettier
   14:89  error    Extra semicolon                                                                                                                  semi
   23:21  error    Insert `⏎·····`                                                                                                                  prettier/prettier
   24:7   error    Insert `··`                                                                                                                      prettier/prettier
   25:1   error    Replace `····);` with `······)`                                                                                                  prettier/prettier
   25:6   error    Extra semicolon                                                                                                                  semi
   28:79  error    Delete `;`                                                                                                                       prettier/prettier
   28:79  error    Extra semicolon                                                                                                                  semi
   31:48  error    Delete `;`                                                                                                                       prettier/prettier
   31:48  error    Extra semicolon                                                                                                                  semi
   35:58  error    Delete `;`                                                                                                                       prettier/prettier
   35:58  error    Extra semicolon                                                                                                                  semi
   36:61  error    Delete `;`                                                                                                                       prettier/prettier
   36:61  error    Extra semicolon                                                                                                                  semi
   40:16  error    Delete `;`                                                                                                                       prettier/prettier
   40:16  error    Extra semicolon                                                                                                                  semi
   48:48  error    Delete `;`                                                                                                                       prettier/prettier
   48:48  error    Extra semicolon                                                                                                                  semi
   49:23  error    Delete `;`                                                                                                                       prettier/prettier
   49:23  error    Extra semicolon                                                                                                                  semi
   50:37  error    Delete `;`                                                                                                                       prettier/prettier
   50:37  error    Extra semicolon                                                                                                                  semi
   53:25  error    Delete `;`                                                                                                                       prettier/prettier
   53:25  error    Extra semicolon                                                                                                                  semi
   54:1   error    Delete `··`                                                                                                                      prettier/prettier
   57:27  error    Delete `;`                                                                                                                       prettier/prettier
   57:27  error    Extra semicolon                                                                                                                  semi
   61:37  error    Delete `;`                                                                                                                       prettier/prettier
   61:37  error    Extra semicolon                                                                                                                  semi
   62:1   error    Delete `··`                                                                                                                      prettier/prettier
   64:25  error    Delete `;`                                                                                                                       prettier/prettier
   64:25  error    Extra semicolon                                                                                                                  semi
   65:23  error    Delete `;`                                                                                                                       prettier/prettier
   65:23  error    Extra semicolon                                                                                                                  semi
   66:1   error    Delete `··`                                                                                                                      prettier/prettier
   67:14  error    Delete `;`                                                                                                                       prettier/prettier
   67:14  error    Extra semicolon                                                                                                                  semi
   75:25  error    Delete `;`                                                                                                                       prettier/prettier
   75:25  error    Extra semicolon                                                                                                                  semi
   76:21  error    Delete `;`                                                                                                                       prettier/prettier
   76:21  error    Extra semicolon                                                                                                                  semi
   82:47  error    Replace `stockGroup:·string` with `⏎··stockGroup:·string⏎`                                                                       prettier/prettier
   83:43  error    Delete `;`                                                                                                                       prettier/prettier
   83:43  error    Extra semicolon                                                                                                                  semi
   84:65  error    Delete `;`                                                                                                                       prettier/prettier
   84:65  error    Extra semicolon                                                                                                                  semi
   91:55  error    Replace `Record<string,·StockGroup[]>` with `⏎··Record<string,·StockGroup[]>⏎`                                                   prettier/prettier
   92:43  error    Delete `;`                                                                                                                       prettier/prettier
   92:43  error    Extra semicolon                                                                                                                  semi
   93:1   error    Delete `··`                                                                                                                      prettier/prettier
   95:28  error    Insert `⏎····`                                                                                                                   prettier/prettier
   96:1   error    Replace `····const·firstChar·=·category.stock_groups.charAt(0);` with `······const·firstChar·=·category.stock_groups.charAt(0)`  prettier/prettier
   96:54  error    Extra semicolon                                                                                                                  semi
   97:1   error    Insert `··`                                                                                                                      prettier/prettier
   98:1   error    Replace `······acc[firstChar]·=·[];` with `········acc[firstChar]·=·[]`                                                          prettier/prettier
   98:26  error    Extra semicolon                                                                                                                  semi
   99:1   error    Insert `··`                                                                                                                      prettier/prettier
  100:1   error    Replace `····acc[firstChar].push(category);` with `······acc[firstChar].push(category)`                                          prettier/prettier
  100:34  error    Extra semicolon                                                                                                                  semi
  101:1   error    Replace `····return·acc;` with `······return·acc`                                                                                prettier/prettier
  101:15  error    Extra semicolon                                                                                                                  semi
  102:1   error    Replace `··},·{}·as·Record<string,·StockGroup[]>);` with `····},⏎····{}·as·Record<string,·StockGroup[]>⏎··)`                     prettier/prettier
  102:41  error    Extra semicolon                                                                                                                  semi
  103:2   error    Insert `⏎`                                                                                                                       prettier/prettier

✖ 87 problems (86 errors, 1 warning)
  86 errors and 0 warnings potentially fixable with the `--fix` option.

